<?xml version="1.0" encoding="UTF-8"?>
<testng-results skipped="0" failed="0" ignored="0" total="1" passed="1">
  <reporter-output>
  </reporter-output>
  <suite name="Default suite" duration-ms="22" started-at="2019-12-16T00:31:18Z" finished-at="2019-12-16T00:31:18Z">
    <groups>
    </groups>
    <test name="Default test" duration-ms="22" started-at="2019-12-16T00:31:18Z" finished-at="2019-12-16T00:31:18Z">
      <class name="project2.NewTest">
        <test-method status="PASS" signature="test()[pri:0, instance:project2.NewTest@6d8a00e3]" name="test" duration-ms="7" started-at="2019-12-16T00:31:18Z" finished-at="2019-12-16T00:31:18Z">
          <reporter-output>
          </reporter-output>
        </test-method> <!-- test -->
      </class> <!-- project2.NewTest -->
    </test> <!-- Default test -->
  </suite> <!-- Default suite -->
</testng-results>
